<?xml version="1.0" encoding="UTF-8"?>
<!-- Generated by org.testng.reporters.JUnitReportReporter -->
<testsuite hostname="HARRY" failures="0" tests="1" name="day1test.Orangehrm" time="12.230" errors="0" timestamp="2024-09-22T22:48:17 IST" skipped="0">
  <testcase classname="day1test.Orangehrm" name="Enterlogindetails" time="12.230"/>
  <system-out/>
</testsuite> <!-- day1test.Orangehrm -->
