<?xml version="1.0" encoding="UTF-8"?>
<!-- Generated by org.testng.reporters.JUnitReportReporter -->
<testsuite hostname="HARRY" failures="0" tests="1" name="day1test.Frameworks" time="7.652" errors="0" timestamp="2024-09-23T12:15:15 IST" skipped="0">
  <testcase classname="day1test.Frameworks" name="Testgoogle" time="7.652"/>
  <system-out/>
</testsuite> <!-- day1test.Frameworks -->
